#
# There is insufficient memory for the Java Runtime Environment to continue.
# Native memory allocation (malloc) failed to allocate 2313776 bytes for Chunk::new
# Possible reasons:
#   The system is out of physical RAM or swap space
#   The process is running with CompressedOops enabled, and the Java Heap may be blocking the growth of the native heap
# Possible solutions:
#   Reduce memory load on the system
#   Increase physical memory or swap space
#   Check if swap backing store is full
#   Decrease Java heap size (-Xmx/-Xms)
#   Decrease number of Java threads
#   Decrease Java thread stack sizes (-Xss)
#   Set larger code cache with -XX:ReservedCodeCacheSize=
#   JVM is running with Unscaled Compressed Oops mode in which the Java heap is
#     placed in the first 4GB address space. The Java Heap base address is the
#     maximum limit for the native heap growth. Please use -XX:HeapBaseMinAddress
#     to set the Java Heap base and to place the Java Heap above 4GB virtual address.
# This output file may be truncated or incomplete.
#
#  Out of Memory Error (src/hotspot/share/memory/arena.cpp:197), pid=6996, tid=5756
#
# JRE version: OpenJDK Runtime Environment JBR-11.0.14.1.1-2043.45-jcef (11.0.14.1+1) (build 11.0.14.1+1-b2043.45)
# Java VM: OpenJDK 64-Bit Server VM JBR-11.0.14.1.1-2043.45-jcef (11.0.14.1+1-b2043.45, mixed mode, tiered, compressed oops, g1 gc, windows-amd64)
# No core dump will be written. Minidumps are not enabled by default on client versions of Windows
#

---------------  S U M M A R Y ------------

Command Line: -Djava.rmi.server.hostname=127.0.0.1 -Duser.timezone=UTC -Xmx750m -Xms128m -Dfile.encoding=UTF-8 com.intellij.database.remote.RemoteJdbcServer org.postgresql.Driver

Host: Intel(R) Core(TM) i3-3110M CPU @ 2.40GHz, 4 cores, 7G,  Windows 10 , 64 bit Build 19041 (10.0.19041.207)
Time: Sun Jan  8 22:29:39 2023 RTZ 4 (зима) elapsed time: 9.888361 seconds (0d 0h 0m 9s)

---------------  T H R E A D  ---------------

Current thread (0x00000286748b5000):  JavaThread "C2 CompilerThread0" daemon [_thread_in_native, id=5756, stack(0x00000092b2200000,0x00000092b2300000)]


Current CompileTask:
C2:   9888 2137   !   4       java.io.ObjectOutputStream::writeObject0 (619 bytes)

Stack: [0x00000092b2200000,0x00000092b2300000]
Native frames: (J=compiled Java code, j=interpreted, Vv=VM code, C=native code)
V  [jvm.dll+0x61618a]
V  [jvm.dll+0x79c450]
V  [jvm.dll+0x79da6d]
V  [jvm.dll+0x79e143]
V  [jvm.dll+0x24c968]
V  [jvm.dll+0xc13dc]
V  [jvm.dll+0xc190c]
V  [jvm.dll+0x3632ed]
V  [jvm.dll+0x19f21c]
V  [jvm.dll+0x204ede]
V  [jvm.dll+0x203f57]
V  [jvm.dll+0x18b5e1]
V  [jvm.dll+0x212c6f]
V  [jvm.dll+0x211511]
V  [jvm.dll+0x762b9f]
V  [jvm.dll+0x75b755]
V  [jvm.dll+0x614df6]
C  [ucrtbase.dll+0x21542]
C  [KERNEL32.DLL+0x16fd4]
C  [ntdll.dll+0x4cec1]


---------------  P R O C E S S  ---------------

Threads class SMR info:
_java_thread_list=0x000002867659b310, length=19, elements={
0x000002865d437000, 0x0000028674890800, 0x000002867489a800, 0x00000286748ad800,
0x00000286748ae800, 0x00000286748b0000, 0x00000286748b5000, 0x00000286748ba000,
0x00000286748bf800, 0x00000286753ab800, 0x00000286756f1800, 0x00000286756dd000,
0x00000286756fb000, 0x0000028675764800, 0x0000028675b04000, 0x0000028675914800,
0x0000028675915800, 0x0000028675d0b000, 0x00000286767ff000
}

Java Threads: ( => current thread )
  0x000002865d437000 JavaThread "main" [_thread_blocked, id=7972, stack(0x00000092b1600000,0x00000092b1700000)]
  0x0000028674890800 JavaThread "Reference Handler" daemon [_thread_blocked, id=6064, stack(0x00000092b1d00000,0x00000092b1e00000)]
  0x000002867489a800 JavaThread "Finalizer" daemon [_thread_blocked, id=8332, stack(0x00000092b1e00000,0x00000092b1f00000)]
  0x00000286748ad800 JavaThread "Signal Dispatcher" daemon [_thread_blocked, id=6432, stack(0x00000092b1f00000,0x00000092b2000000)]
  0x00000286748ae800 JavaThread "Attach Listener" daemon [_thread_blocked, id=6832, stack(0x00000092b2000000,0x00000092b2100000)]
  0x00000286748b0000 JavaThread "Service Thread" daemon [_thread_blocked, id=9620, stack(0x00000092b2100000,0x00000092b2200000)]
=>0x00000286748b5000 JavaThread "C2 CompilerThread0" daemon [_thread_in_native, id=5756, stack(0x00000092b2200000,0x00000092b2300000)]
  0x00000286748ba000 JavaThread "C1 CompilerThread0" daemon [_thread_blocked, id=4056, stack(0x00000092b2300000,0x00000092b2400000)]
  0x00000286748bf800 JavaThread "Sweeper thread" daemon [_thread_blocked, id=3992, stack(0x00000092b2400000,0x00000092b2500000)]
  0x00000286753ab800 JavaThread "Common-Cleaner" daemon [_thread_blocked, id=9484, stack(0x00000092b2600000,0x00000092b2700000)]
  0x00000286756f1800 JavaThread "RMI TCP Accept-20906" daemon [_thread_in_native, id=7428, stack(0x00000092b2700000,0x00000092b2800000)]
  0x00000286756dd000 JavaThread "RMI TCP Accept-0" daemon [_thread_in_native, id=2064, stack(0x00000092b2800000,0x00000092b2900000)]
  0x00000286756fb000 JavaThread "RMI Reaper" [_thread_blocked, id=1940, stack(0x00000092b2900000,0x00000092b2a00000)]
  0x0000028675764800 JavaThread "RMI GC Daemon" daemon [_thread_blocked, id=6344, stack(0x00000092b2a00000,0x00000092b2b00000)]
  0x0000028675b04000 JavaThread "RMI TCP Connection(1)-127.0.0.1" daemon [_thread_in_native, id=3636, stack(0x00000092b2c00000,0x00000092b2d00000)]
  0x0000028675914800 JavaThread "RMI Scheduler(0)" daemon [_thread_blocked, id=10032, stack(0x00000092b2d00000,0x00000092b2e00000)]
  0x0000028675915800 JavaThread "RMI TCP Connection(2)-127.0.0.1" daemon [_thread_in_native, id=9308, stack(0x00000092b2e00000,0x00000092b2f00000)]
  0x0000028675d0b000 JavaThread "RMI TCP Connection(3)-127.0.0.1" daemon [_thread_in_native, id=4636, stack(0x00000092b3300000,0x00000092b3400000)]
  0x00000286767ff000 JavaThread "C2 CompilerThread1" daemon [_thread_blocked, id=9824, stack(0x00000092b3400000,0x00000092b3500000)]

Other Threads:
  0x000002867486d000 VMThread "VM Thread" [stack: 0x00000092b1c00000,0x00000092b1d00000] [id=2216]
  0x00000286753a7800 WatcherThread [stack: 0x00000092b2500000,0x00000092b2600000] [id=9648]
  0x000002865d450800 GCTaskThread "GC Thread#0" [stack: 0x00000092b1700000,0x00000092b1800000] [id=10152]
  0x0000028675e0e800 GCTaskThread "GC Thread#1" [stack: 0x00000092b2b00000,0x00000092b2c00000] [id=9040]
  0x000002867647a000 GCTaskThread "GC Thread#2" [stack: 0x00000092b2f00000,0x00000092b3000000] [id=4144]
  0x0000028675916800 GCTaskThread "GC Thread#3" [stack: 0x00000092b3000000,0x00000092b3100000] [id=7352]
  0x000002865d467000 ConcurrentGCThread "G1 Main Marker" [stack: 0x00000092b1800000,0x00000092b1900000] [id=8100]
  0x000002865d468800 ConcurrentGCThread "G1 Conc#0" [stack: 0x00000092b1900000,0x00000092b1a00000] [id=6236]
  0x000002865d4f6000 ConcurrentGCThread "G1 Refine#0" [stack: 0x00000092b1a00000,0x00000092b1b00000] [id=7292]
  0x0000028675438800 ConcurrentGCThread "G1 Refine#1" [stack: 0x00000092b3100000,0x00000092b3200000] [id=6504]
  0x000002865d4f7000 ConcurrentGCThread "G1 Young RemSet Sampling" [stack: 0x00000092b1b00000,0x00000092b1c00000] [id=3840]

Threads with active compile tasks:
C2 CompilerThread0  10141 2137   !   4       java.io.ObjectOutputStream::writeObject0 (619 bytes)

VM state:not at safepoint (normal execution)

VM Mutex/Monitor currently owned by a thread: None

Heap address: 0x00000000d1200000, size: 750 MB, Compressed Oops mode: 32-bit
Narrow klass base: 0x0000000000000000, Narrow klass shift: 3
Compressed class space size: 1073741824 Address: 0x0000000100000000

Heap:
 garbage-first heap   total 131072K, used 31121K [0x00000000d1200000, 0x0000000100000000)
  region size 1024K, 28 young (28672K), 2 survivors (2048K)
 Metaspace       used 18375K, capacity 19032K, committed 19328K, reserved 1067008K
  class space    used 1851K, capacity 2077K, committed 2176K, reserved 1048576K
Heap Regions: E=young(eden), S=young(survivor), O=old, HS=humongous(starts), HC=humongous(continues), CS=collection set, F=free, A=archive, TAMS=top-at-mark-start (previous, next)
|   0|0x00000000d1200000, 0x00000000d1300000, 0x00000000d1300000|100%| O|  |TAMS 0x00000000d1200000, 0x00000000d1200000| Untracked 
|   1|0x00000000d1300000, 0x00000000d1400000, 0x00000000d1400000|100%| O|  |TAMS 0x00000000d1300000, 0x00000000d1300000| Untracked 
|   2|0x00000000d1400000, 0x00000000d1500000, 0x00000000d1500000|100%| O|  |TAMS 0x00000000d1400000, 0x00000000d1400000| Untracked 
|   3|0x00000000d1500000, 0x00000000d15fb800, 0x00000000d1600000| 98%| O|  |TAMS 0x00000000d1500000, 0x00000000d1500000| Untracked 
|   4|0x00000000d1600000, 0x00000000d1600000, 0x00000000d1700000|  0%| F|  |TAMS 0x00000000d1600000, 0x00000000d1600000| Untracked 
|   5|0x00000000d1700000, 0x00000000d1700000, 0x00000000d1800000|  0%| F|  |TAMS 0x00000000d1700000, 0x00000000d1700000| Untracked 
|   6|0x00000000d1800000, 0x00000000d1800000, 0x00000000d1900000|  0%| F|  |TAMS 0x00000000d1800000, 0x00000000d1800000| Untracked 
|   7|0x00000000d1900000, 0x00000000d1900000, 0x00000000d1a00000|  0%| F|  |TAMS 0x00000000d1900000, 0x00000000d1900000| Untracked 
|   8|0x00000000d1a00000, 0x00000000d1a00000, 0x00000000d1b00000|  0%| F|  |TAMS 0x00000000d1a00000, 0x00000000d1a00000| Untracked 
|   9|0x00000000d1b00000, 0x00000000d1b00000, 0x00000000d1c00000|  0%| F|  |TAMS 0x00000000d1b00000, 0x00000000d1b00000| Untracked 
|  10|0x00000000d1c00000, 0x00000000d1c00000, 0x00000000d1d00000|  0%| F|  |TAMS 0x00000000d1c00000, 0x00000000d1c00000| Untracked 
|  11|0x00000000d1d00000, 0x00000000d1d00000, 0x00000000d1e00000|  0%| F|  |TAMS 0x00000000d1d00000, 0x00000000d1d00000| Untracked 
|  12|0x00000000d1e00000, 0x00000000d1e00000, 0x00000000d1f00000|  0%| F|  |TAMS 0x00000000d1e00000, 0x00000000d1e00000| Untracked 
|  13|0x00000000d1f00000, 0x00000000d1f00000, 0x00000000d2000000|  0%| F|  |TAMS 0x00000000d1f00000, 0x00000000d1f00000| Untracked 
|  14|0x00000000d2000000, 0x00000000d2000000, 0x00000000d2100000|  0%| F|  |TAMS 0x00000000d2000000, 0x00000000d2000000| Untracked 
|  15|0x00000000d2100000, 0x00000000d2100000, 0x00000000d2200000|  0%| F|  |TAMS 0x00000000d2100000, 0x00000000d2100000| Untracked 
|  16|0x00000000d2200000, 0x00000000d2200000, 0x00000000d2300000|  0%| F|  |TAMS 0x00000000d2200000, 0x00000000d2200000| Untracked 
|  17|0x00000000d2300000, 0x00000000d2300000, 0x00000000d2400000|  0%| F|  |TAMS 0x00000000d2300000, 0x00000000d2300000| Untracked 
|  18|0x00000000d2400000, 0x00000000d2400000, 0x00000000d2500000|  0%| F|  |TAMS 0x00000000d2400000, 0x00000000d2400000| Untracked 
|  19|0x00000000d2500000, 0x00000000d2500000, 0x00000000d2600000|  0%| F|  |TAMS 0x00000000d2500000, 0x00000000d2500000| Untracked 
|  20|0x00000000d2600000, 0x00000000d2600000, 0x00000000d2700000|  0%| F|  |TAMS 0x00000000d2600000, 0x00000000d2600000| Untracked 
|  21|0x00000000d2700000, 0x00000000d2700000, 0x00000000d2800000|  0%| F|  |TAMS 0x00000000d2700000, 0x00000000d2700000| Untracked 
|  22|0x00000000d2800000, 0x00000000d2800000, 0x00000000d2900000|  0%| F|  |TAMS 0x00000000d2800000, 0x00000000d2800000| Untracked 
|  23|0x00000000d2900000, 0x00000000d2900000, 0x00000000d2a00000|  0%| F|  |TAMS 0x00000000d2900000, 0x00000000d2900000| Untracked 
|  24|0x00000000d2a00000, 0x00000000d2a00000, 0x00000000d2b00000|  0%| F|  |TAMS 0x00000000d2a00000, 0x00000000d2a00000| Untracked 
|  25|0x00000000d2b00000, 0x00000000d2b00000, 0x00000000d2c00000|  0%| F|  |TAMS 0x00000000d2b00000, 0x00000000d2b00000| Untracked 
|  26|0x00000000d2c00000, 0x00000000d2c00000, 0x00000000d2d00000|  0%| F|  |TAMS 0x00000000d2c00000, 0x00000000d2c00000| Untracked 
|  27|0x00000000d2d00000, 0x00000000d2d00000, 0x00000000d2e00000|  0%| F|  |TAMS 0x00000000d2d00000, 0x00000000d2d00000| Untracked 
|  28|0x00000000d2e00000, 0x00000000d2e00000, 0x00000000d2f00000|  0%| F|  |TAMS 0x00000000d2e00000, 0x00000000d2e00000| Untracked 
|  29|0x00000000d2f00000, 0x00000000d2f00000, 0x00000000d3000000|  0%| F|  |TAMS 0x00000000d2f00000, 0x00000000d2f00000| Untracked 
|  30|0x00000000d3000000, 0x00000000d3000000, 0x00000000d3100000|  0%| F|  |TAMS 0x00000000d3000000, 0x00000000d3000000| Untracked 
|  31|0x00000000d3100000, 0x00000000d3100000, 0x00000000d3200000|  0%| F|  |TAMS 0x00000000d3100000, 0x00000000d3100000| Untracked 
|  32|0x00000000d3200000, 0x00000000d3200000, 0x00000000d3300000|  0%| F|  |TAMS 0x00000000d3200000, 0x00000000d3200000| Untracked 
|  33|0x00000000d3300000, 0x00000000d3300000, 0x00000000d3400000|  0%| F|  |TAMS 0x00000000d3300000, 0x00000000d3300000| Untracked 
|  34|0x00000000d3400000, 0x00000000d3400000, 0x00000000d3500000|  0%| F|  |TAMS 0x00000000d3400000, 0x00000000d3400000| Untracked 
|  35|0x00000000d3500000, 0x00000000d3500000, 0x00000000d3600000|  0%| F|  |TAMS 0x00000000d3500000, 0x00000000d3500000| Untracked 
|  36|0x00000000d3600000, 0x00000000d3600000, 0x00000000d3700000|  0%| F|  |TAMS 0x00000000d3600000, 0x00000000d3600000| Untracked 
|  37|0x00000000d3700000, 0x00000000d3700000, 0x00000000d3800000|  0%| F|  |TAMS 0x00000000d3700000, 0x00000000d3700000| Untracked 
|  38|0x00000000d3800000, 0x00000000d3800000, 0x00000000d3900000|  0%| F|  |TAMS 0x00000000d3800000, 0x00000000d3800000| Untracked 
|  39|0x00000000d3900000, 0x00000000d3900000, 0x00000000d3a00000|  0%| F|  |TAMS 0x00000000d3900000, 0x00000000d3900000| Untracked 
|  40|0x00000000d3a00000, 0x00000000d3a00000, 0x00000000d3b00000|  0%| F|  |TAMS 0x00000000d3a00000, 0x00000000d3a00000| Untracked 
|  41|0x00000000d3b00000, 0x00000000d3b00000, 0x00000000d3c00000|  0%| F|  |TAMS 0x00000000d3b00000, 0x00000000d3b00000| Untracked 
|  42|0x00000000d3c00000, 0x00000000d3c00000, 0x00000000d3d00000|  0%| F|  |TAMS 0x00000000d3c00000, 0x00000000d3c00000| Untracked 
|  43|0x00000000d3d00000, 0x00000000d3d00000, 0x00000000d3e00000|  0%| F|  |TAMS 0x00000000d3d00000, 0x00000000d3d00000| Untracked 
|  44|0x00000000d3e00000, 0x00000000d3e00000, 0x00000000d3f00000|  0%| F|  |TAMS 0x00000000d3e00000, 0x00000000d3e00000| Untracked 
|  45|0x00000000d3f00000, 0x00000000d3f00000, 0x00000000d4000000|  0%| F|  |TAMS 0x00000000d3f00000, 0x00000000d3f00000| Untracked 
|  46|0x00000000d4000000, 0x00000000d4000000, 0x00000000d4100000|  0%| F|  |TAMS 0x00000000d4000000, 0x00000000d4000000| Untracked 
|  47|0x00000000d4100000, 0x00000000d4100000, 0x00000000d4200000|  0%| F|  |TAMS 0x00000000d4100000, 0x00000000d4100000| Untracked 
|  48|0x00000000d4200000, 0x00000000d4200000, 0x00000000d4300000|  0%| F|  |TAMS 0x00000000d4200000, 0x00000000d4200000| Untracked 
|  49|0x00000000d4300000, 0x00000000d4300000, 0x00000000d4400000|  0%| F|  |TAMS 0x00000000d4300000, 0x00000000d4300000| Untracked 
|  50|0x00000000d4400000, 0x00000000d4400000, 0x00000000d4500000|  0%| F|  |TAMS 0x00000000d4400000, 0x00000000d4400000| Untracked 
|  51|0x00000000d4500000, 0x00000000d4500000, 0x00000000d4600000|  0%| F|  |TAMS 0x00000000d4500000, 0x00000000d4500000| Untracked 
|  52|0x00000000d4600000, 0x00000000d4600000, 0x00000000d4700000|  0%| F|  |TAMS 0x00000000d4600000, 0x00000000d4600000| Untracked 
|  53|0x00000000d4700000, 0x00000000d4700000, 0x00000000d4800000|  0%| F|  |TAMS 0x00000000d4700000, 0x00000000d4700000| Untracked 
|  54|0x00000000d4800000, 0x00000000d4800000, 0x00000000d4900000|  0%| F|  |TAMS 0x00000000d4800000, 0x00000000d4800000| Untracked 
|  55|0x00000000d4900000, 0x00000000d4900000, 0x00000000d4a00000|  0%| F|  |TAMS 0x00000000d4900000, 0x00000000d4900000| Untracked 
|  56|0x00000000d4a00000, 0x00000000d4a00000, 0x00000000d4b00000|  0%| F|  |TAMS 0x00000000d4a00000, 0x00000000d4a00000| Untracked 
|  57|0x00000000d4b00000, 0x00000000d4b00000, 0x00000000d4c00000|  0%| F|  |TAMS 0x00000000d4b00000, 0x00000000d4b00000| Untracked 
|  58|0x00000000d4c00000, 0x00000000d4c00000, 0x00000000d4d00000|  0%| F|  |TAMS 0x00000000d4c00000, 0x00000000d4c00000| Untracked 
|  59|0x00000000d4d00000, 0x00000000d4d00000, 0x00000000d4e00000|  0%| F|  |TAMS 0x00000000d4d00000, 0x00000000d4d00000| Untracked 
|  60|0x00000000d4e00000, 0x00000000d4e00000, 0x00000000d4f00000|  0%| F|  |TAMS 0x00000000d4e00000, 0x00000000d4e00000| Untracked 
|  61|0x00000000d4f00000, 0x00000000d4f00000, 0x00000000d5000000|  0%| F|  |TAMS 0x00000000d4f00000, 0x00000000d4f00000| Untracked 
|  62|0x00000000d5000000, 0x00000000d5000000, 0x00000000d5100000|  0%| F|  |TAMS 0x00000000d5000000, 0x00000000d5000000| Untracked 
|  63|0x00000000d5100000, 0x00000000d5100000, 0x00000000d5200000|  0%| F|  |TAMS 0x00000000d5100000, 0x00000000d5100000| Untracked 
|  64|0x00000000d5200000, 0x00000000d5200000, 0x00000000d5300000|  0%| F|  |TAMS 0x00000000d5200000, 0x00000000d5200000| Untracked 
|  65|0x00000000d5300000, 0x00000000d5300000, 0x00000000d5400000|  0%| F|  |TAMS 0x00000000d5300000, 0x00000000d5300000| Untracked 
|  66|0x00000000d5400000, 0x00000000d5400000, 0x00000000d5500000|  0%| F|  |TAMS 0x00000000d5400000, 0x00000000d5400000| Untracked 
|  67|0x00000000d5500000, 0x00000000d5500000, 0x00000000d5600000|  0%| F|  |TAMS 0x00000000d5500000, 0x00000000d5500000| Untracked 
|  68|0x00000000d5600000, 0x00000000d5600000, 0x00000000d5700000|  0%| F|  |TAMS 0x00000000d5600000, 0x00000000d5600000| Untracked 
|  69|0x00000000d5700000, 0x00000000d5700000, 0x00000000d5800000|  0%| F|  |TAMS 0x00000000d5700000, 0x00000000d5700000| Untracked 
|  70|0x00000000d5800000, 0x00000000d5800000, 0x00000000d5900000|  0%| F|  |TAMS 0x00000000d5800000, 0x00000000d5800000| Untracked 
|  71|0x00000000d5900000, 0x00000000d5900000, 0x00000000d5a00000|  0%| F|  |TAMS 0x00000000d5900000, 0x00000000d5900000| Untracked 
|  72|0x00000000d5a00000, 0x00000000d5a00000, 0x00000000d5b00000|  0%| F|  |TAMS 0x00000000d5a00000, 0x00000000d5a00000| Untracked 
|  73|0x00000000d5b00000, 0x00000000d5b00000, 0x00000000d5c00000|  0%| F|  |TAMS 0x00000000d5b00000, 0x00000000d5b00000| Untracked 
|  74|0x00000000d5c00000, 0x00000000d5c00000, 0x00000000d5d00000|  0%| F|  |TAMS 0x00000000d5c00000, 0x00000000d5c00000| Untracked 
|  75|0x00000000d5d00000, 0x00000000d5d00000, 0x00000000d5e00000|  0%| F|  |TAMS 0x00000000d5d00000, 0x00000000d5d00000| Untracked 
|  76|0x00000000d5e00000, 0x00000000d5e00000, 0x00000000d5f00000|  0%| F|  |TAMS 0x00000000d5e00000, 0x00000000d5e00000| Untracked 
|  77|0x00000000d5f00000, 0x00000000d5f00000, 0x00000000d6000000|  0%| F|  |TAMS 0x00000000d5f00000, 0x00000000d5f00000| Untracked 
|  78|0x00000000d6000000, 0x00000000d6000000, 0x00000000d6100000|  0%| F|  |TAMS 0x00000000d6000000, 0x00000000d6000000| Untracked 
|  79|0x00000000d6100000, 0x00000000d6100000, 0x00000000d6200000|  0%| F|  |TAMS 0x00000000d6100000, 0x00000000d6100000| Untracked 
|  80|0x00000000d6200000, 0x00000000d6200000, 0x00000000d6300000|  0%| F|  |TAMS 0x00000000d6200000, 0x00000000d6200000| Untracked 
|  81|0x00000000d6300000, 0x00000000d6300000, 0x00000000d6400000|  0%| F|  |TAMS 0x00000000d6300000, 0x00000000d6300000| Untracked 
|  82|0x00000000d6400000, 0x00000000d6400000, 0x00000000d6500000|  0%| F|  |TAMS 0x00000000d6400000, 0x00000000d6400000| Untracked 
|  83|0x00000000d6500000, 0x00000000d6500000, 0x00000000d6600000|  0%| F|  |TAMS 0x00000000d6500000, 0x00000000d6500000| Untracked 
|  84|0x00000000d6600000, 0x00000000d6600000, 0x00000000d6700000|  0%| F|  |TAMS 0x00000000d6600000, 0x00000000d6600000| Untracked 
|  85|0x00000000d6700000, 0x00000000d6700000, 0x00000000d6800000|  0%| F|  |TAMS 0x00000000d6700000, 0x00000000d6700000| Untracked 
|  86|0x00000000d6800000, 0x00000000d6800000, 0x00000000d6900000|  0%| F|  |TAMS 0x00000000d6800000, 0x00000000d6800000| Untracked 
|  87|0x00000000d6900000, 0x00000000d6900000, 0x00000000d6a00000|  0%| F|  |TAMS 0x00000000d6900000, 0x00000000d6900000| Untracked 
|  88|0x00000000d6a00000, 0x00000000d6a00000, 0x00000000d6b00000|  0%| F|  |TAMS 0x00000000d6a00000, 0x00000000d6a00000| Untracked 
|  89|0x00000000d6b00000, 0x00000000d6b00000, 0x00000000d6c00000|  0%| F|  |TAMS 0x00000000d6b00000, 0x00000000d6b00000| Untracked 
|  90|0x00000000d6c00000, 0x00000000d6c00000, 0x00000000d6d00000|  0%| F|  |TAMS 0x00000000d6c00000, 0x00000000d6c00000| Untracked 
|  91|0x00000000d6d00000, 0x00000000d6d00000, 0x00000000d6e00000|  0%| F|  |TAMS 0x00000000d6d00000, 0x00000000d6d00000| Untracked 
|  92|0x00000000d6e00000, 0x00000000d6e00000, 0x00000000d6f00000|  0%| F|  |TAMS 0x00000000d6e00000, 0x00000000d6e00000| Untracked 
|  93|0x00000000d6f00000, 0x00000000d6f00000, 0x00000000d7000000|  0%| F|  |TAMS 0x00000000d6f00000, 0x00000000d6f00000| Untracked 
|  94|0x00000000d7000000, 0x00000000d7000000, 0x00000000d7100000|  0%| F|  |TAMS 0x00000000d7000000, 0x00000000d7000000| Untracked 
|  95|0x00000000d7100000, 0x00000000d7100000, 0x00000000d7200000|  0%| F|  |TAMS 0x00000000d7100000, 0x00000000d7100000| Untracked 
|  96|0x00000000d7200000, 0x00000000d7200000, 0x00000000d7300000|  0%| F|  |TAMS 0x00000000d7200000, 0x00000000d7200000| Untracked 
|  97|0x00000000d7300000, 0x00000000d7300000, 0x00000000d7400000|  0%| F|  |TAMS 0x00000000d7300000, 0x00000000d7300000| Untracked 
|  98|0x00000000d7400000, 0x00000000d7400000, 0x00000000d7500000|  0%| F|  |TAMS 0x00000000d7400000, 0x00000000d7400000| Untracked 
|  99|0x00000000d7500000, 0x00000000d7500000, 0x00000000d7600000|  0%| F|  |TAMS 0x00000000d7500000, 0x00000000d7500000| Untracked 
| 100|0x00000000d7600000, 0x00000000d76ae0f8, 0x00000000d7700000| 67%| E|  |TAMS 0x00000000d7600000, 0x00000000d7600000| Complete 
| 101|0x00000000d7700000, 0x00000000d7800000, 0x00000000d7800000|100%| E|CS|TAMS 0x00000000d7700000, 0x00000000d7700000| Complete 
| 102|0x00000000d7800000, 0x00000000d7900000, 0x00000000d7900000|100%| E|CS|TAMS 0x00000000d7800000, 0x00000000d7800000| Complete 
| 103|0x00000000d7900000, 0x00000000d7a00000, 0x00000000d7a00000|100%| E|CS|TAMS 0x00000000d7900000, 0x00000000d7900000| Complete 
| 104|0x00000000d7a00000, 0x00000000d7b00000, 0x00000000d7b00000|100%| E|CS|TAMS 0x00000000d7a00000, 0x00000000d7a00000| Complete 
| 105|0x00000000d7b00000, 0x00000000d7c00000, 0x00000000d7c00000|100%| E|CS|TAMS 0x00000000d7b00000, 0x00000000d7b00000| Complete 
| 106|0x00000000d7c00000, 0x00000000d7d00000, 0x00000000d7d00000|100%| E|CS|TAMS 0x00000000d7c00000, 0x00000000d7c00000| Complete 
| 107|0x00000000d7d00000, 0x00000000d7e00000, 0x00000000d7e00000|100%| E|CS|TAMS 0x00000000d7d00000, 0x00000000d7d00000| Complete 
| 108|0x00000000d7e00000, 0x00000000d7f00000, 0x00000000d7f00000|100%| E|CS|TAMS 0x00000000d7e00000, 0x00000000d7e00000| Complete 
| 109|0x00000000d7f00000, 0x00000000d8000000, 0x00000000d8000000|100%| E|CS|TAMS 0x00000000d7f00000, 0x00000000d7f00000| Complete 
| 110|0x00000000d8000000, 0x00000000d8100000, 0x00000000d8100000|100%| E|CS|TAMS 0x00000000d8000000, 0x00000000d8000000| Complete 
| 111|0x00000000d8100000, 0x00000000d8200000, 0x00000000d8200000|100%| E|CS|TAMS 0x00000000d8100000, 0x00000000d8100000| Complete 
| 112|0x00000000d8200000, 0x00000000d8300000, 0x00000000d8300000|100%| E|CS|TAMS 0x00000000d8200000, 0x00000000d8200000| Complete 
| 113|0x00000000d8300000, 0x00000000d8400000, 0x00000000d8400000|100%| E|CS|TAMS 0x00000000d8300000, 0x00000000d8300000| Complete 
| 114|0x00000000d8400000, 0x00000000d8500000, 0x00000000d8500000|100%| E|CS|TAMS 0x00000000d8400000, 0x00000000d8400000| Complete 
| 115|0x00000000d8500000, 0x00000000d8600000, 0x00000000d8600000|100%| E|CS|TAMS 0x00000000d8500000, 0x00000000d8500000| Complete 
| 116|0x00000000d8600000, 0x00000000d8700000, 0x00000000d8700000|100%| E|CS|TAMS 0x00000000d8600000, 0x00000000d8600000| Complete 
| 117|0x00000000d8700000, 0x00000000d8768e20, 0x00000000d8800000| 40%| S|CS|TAMS 0x00000000d8700000, 0x00000000d8700000| Complete 
| 118|0x00000000d8800000, 0x00000000d8900000, 0x00000000d8900000|100%| S|CS|TAMS 0x00000000d8800000, 0x00000000d8800000| Complete 
| 119|0x00000000d8900000, 0x00000000d8a00000, 0x00000000d8a00000|100%| E|CS|TAMS 0x00000000d8900000, 0x00000000d8900000| Complete 
| 120|0x00000000d8a00000, 0x00000000d8b00000, 0x00000000d8b00000|100%| E|CS|TAMS 0x00000000d8a00000, 0x00000000d8a00000| Complete 
| 121|0x00000000d8b00000, 0x00000000d8c00000, 0x00000000d8c00000|100%| E|CS|TAMS 0x00000000d8b00000, 0x00000000d8b00000| Complete 
| 122|0x00000000d8c00000, 0x00000000d8d00000, 0x00000000d8d00000|100%| E|CS|TAMS 0x00000000d8c00000, 0x00000000d8c00000| Complete 
| 123|0x00000000d8d00000, 0x00000000d8e00000, 0x00000000d8e00000|100%| E|CS|TAMS 0x00000000d8d00000, 0x00000000d8d00000| Complete 
| 124|0x00000000d8e00000, 0x00000000d8f00000, 0x00000000d8f00000|100%| E|CS|TAMS 0x00000000d8e00000, 0x00000000d8e00000| Complete 
| 125|0x00000000d8f00000, 0x00000000d9000000, 0x00000000d9000000|100%| E|CS|TAMS 0x00000000d8f00000, 0x00000000d8f00000| Complete 
| 126|0x00000000d9000000, 0x00000000d9100000, 0x00000000d9100000|100%| E|CS|TAMS 0x00000000d9000000, 0x00000000d9000000| Complete 
| 127|0x00000000d9100000, 0x00000000d9200000, 0x00000000d9200000|100%| E|CS|TAMS 0x00000000d9100000, 0x00000000d9100000| Complete 

Card table byte_map: [0x0000028670840000,0x00000286709c0000] _byte_map_base: 0x00000286701b7000

Marking Bits (Prev, Next): (CMBitMap*) 0x000002865d463548, (CMBitMap*) 0x000002865d463580
 Prev Bits: [0x0000028670b40000, 0x00000286716f8000)
 Next Bits: [0x0000028671700000, 0x00000286722b8000)

Polling page: 0x000002865ba40000

Metaspace:

Usage:
  Non-class:     16.56 MB capacity,    16.14 MB ( 97%) used,   366.66 KB (  2%) free+waste,    64.63 KB ( <1%) overhead. 
      Class:      2.03 MB capacity,     1.81 MB ( 89%) used,   193.87 KB (  9%) free+waste,    31.50 KB (  2%) overhead. 
       Both:     18.59 MB capacity,    17.94 MB ( 97%) used,   560.53 KB (  3%) free+waste,    96.13 KB ( <1%) overhead. 

Virtual space:
  Non-class space:       18.00 MB reserved,      16.75 MB ( 93%) committed 
      Class space:        1.00 GB reserved,       2.13 MB ( <1%) committed 
             Both:        1.02 GB reserved,      18.88 MB (  2%) committed 

Chunk freelists:
   Non-Class:  5.00 KB
       Class:  0 bytes
        Both:  5.00 KB

MaxMetaspaceSize: 17179869184.00 GB
CompressedClassSpaceSize: 1.00 GB
Initial GC threshold: 20.80 MB
Current GC threshold: 20.80 MB
CDS: off

CodeHeap 'non-profiled nmethods': size=120064Kb used=812Kb max_used=812Kb free=119252Kb
 bounds [0x0000028668b60000, 0x0000028668dd0000, 0x00000286700a0000]
CodeHeap 'profiled nmethods': size=120000Kb used=4739Kb max_used=4739Kb free=115260Kb
 bounds [0x0000028661630000, 0x0000028661ae0000, 0x0000028668b60000]
CodeHeap 'non-nmethods': size=5696Kb used=1210Kb max_used=1227Kb free=4485Kb
 bounds [0x00000286610a0000, 0x0000028661310000, 0x0000028661630000]
 total_blobs=2730 nmethods=2241 adapters=402
 compilation: enabled
              stopped_count=0, restarted_count=0
 full_count=0

Compilation events (20 events):
Event: 9.820 Thread 0x00000286748ba000 2226       3       java.lang.String::<init> (10 bytes)
Event: 9.820 Thread 0x00000286748ba000 nmethod 2226 0x0000028661aca110 code [0x0000028661aca2c0, 0x0000028661aca408]
Event: 9.820 Thread 0x00000286748ba000 2227       3       java.util.concurrent.atomic.AtomicReferenceFieldUpdater$AtomicReferenceFieldUpdaterImpl::accessCheck (17 bytes)
Event: 9.821 Thread 0x00000286748ba000 nmethod 2227 0x0000028661aca510 code [0x0000028661aca6e0, 0x0000028661aca888]
Event: 9.869 Thread 0x00000286748ba000 2228       3       sun.rmi.transport.Target::getObjectEndpoint (16 bytes)
Event: 9.869 Thread 0x00000286748ba000 nmethod 2228 0x0000028661aca990 code [0x0000028661acab40, 0x0000028661acace8]
Event: 9.869 Thread 0x00000286748ba000 2229       3       sun.rmi.transport.DGCImpl::getDGCImpl (4 bytes)
Event: 9.869 Thread 0x00000286748ba000 nmethod 2229 0x0000028661acad90 code [0x0000028661acaf40, 0x0000028661acb038]
Event: 9.869 Thread 0x00000286748ba000 2230       3       java.util.HashSet::remove (20 bytes)
Event: 9.870 Thread 0x00000286748ba000 nmethod 2230 0x0000028661acb090 code [0x0000028661acb280, 0x0000028661acb718]
Event: 9.872 Thread 0x00000286748ba000 2231       3       java.util.ArrayList::<init> (63 bytes)
Event: 9.872 Thread 0x00000286748ba000 nmethod 2231 0x0000028661acb890 code [0x0000028661acbaa0, 0x0000028661acbff8]
Event: 9.872 Thread 0x00000286748ba000 2232   !   3       sun.rmi.transport.ObjectTable::getTarget (33 bytes)
Event: 9.873 Thread 0x00000286748ba000 nmethod 2232 0x0000028661acc190 code [0x0000028661acc3c0, 0x0000028661accc48]
Event: 9.874 Thread 0x00000286748ba000 2233       3       sun.rmi.transport.WeakRef::<init> (16 bytes)
Event: 9.874 Thread 0x00000286748ba000 nmethod 2233 0x0000028661accf90 code [0x0000028661acd180, 0x0000028661acd608]
Event: 9.874 Thread 0x00000286748ba000 2235       3       java.util.Vector$1::hasMoreElements (20 bytes)
Event: 9.874 Thread 0x00000286748ba000 nmethod 2235 0x0000028661acd790 code [0x0000028661acd940, 0x0000028661acdab8]
Event: 9.874 Thread 0x00000286748ba000 2234       3       java.util.concurrent.ConcurrentHashMap$Traverser::<init> (36 bytes)
Event: 9.875 Thread 0x00000286748ba000 nmethod 2234 0x0000028661acdb90 code [0x0000028661acdd40, 0x0000028661acdf38]

GC Heap History (4 events):
Event: 1.929 GC heap before
{Heap before GC invocations=0 (full 0):
 garbage-first heap   total 131072K, used 13312K [0x00000000d1200000, 0x0000000100000000)
  region size 1024K, 14 young (14336K), 0 survivors (0K)
 Metaspace       used 12057K, capacity 12610K, committed 12800K, reserved 1060864K
  class space    used 1257K, capacity 1481K, committed 1536K, reserved 1048576K
}
Event: 1.936 GC heap after
{Heap after GC invocations=1 (full 0):
 garbage-first heap   total 131072K, used 3592K [0x00000000d1200000, 0x0000000100000000)
  region size 1024K, 2 young (2048K), 2 survivors (2048K)
 Metaspace       used 12057K, capacity 12610K, committed 12800K, reserved 1060864K
  class space    used 1257K, capacity 1481K, committed 1536K, reserved 1048576K
}
Event: 2.457 GC heap before
{Heap before GC invocations=1 (full 0):
 garbage-first heap   total 131072K, used 12808K [0x00000000d1200000, 0x0000000100000000)
  region size 1024K, 11 young (11264K), 2 survivors (2048K)
 Metaspace       used 16380K, capacity 16922K, committed 17024K, reserved 1064960K
  class space    used 1698K, capacity 1918K, committed 1920K, reserved 1048576K
}
Event: 2.465 GC heap after
{Heap after GC invocations=2 (full 0):
 garbage-first heap   total 131072K, used 5521K [0x00000000d1200000, 0x0000000100000000)
  region size 1024K, 2 young (2048K), 2 survivors (2048K)
 Metaspace       used 16380K, capacity 16922K, committed 17024K, reserved 1064960K
  class space    used 1698K, capacity 1918K, committed 1920K, reserved 1048576K
}

Deoptimization events (20 events):
Event: 9.472 Thread 0x0000028675d0b000 Uncommon trap: trap_request=0xffffff4d fr.pc=0x0000028668ba298c relative=0x000000000000044c
Event: 9.472 Thread 0x0000028675d0b000 Uncommon trap: reason=unstable_if action=reinterpret pc=0x0000028668ba298c method=java.lang.AbstractStringBuilder.putStringAt(ILjava/lang/String;)V @ 8 c2
Event: 9.472 Thread 0x0000028675d0b000 DEOPT PACKING pc=0x0000028668ba298c sp=0x00000092b33faf30
Event: 9.472 Thread 0x0000028675d0b000 DEOPT UNPACKING pc=0x00000286610ea1af sp=0x00000092b33faea0 mode 2
Event: 9.472 Thread 0x0000028675d0b000 Uncommon trap: trap_request=0xffffff4d fr.pc=0x0000028668b8c4e0 relative=0x00000000000000c0
Event: 9.472 Thread 0x0000028675d0b000 Uncommon trap: reason=unstable_if action=reinterpret pc=0x0000028668b8c4e0 method=java.lang.String.getBytes([BIB)V @ 5 c2
Event: 9.472 Thread 0x0000028675d0b000 DEOPT PACKING pc=0x0000028668b8c4e0 sp=0x00000092b33fae50
Event: 9.472 Thread 0x0000028675d0b000 DEOPT UNPACKING pc=0x00000286610ea1af sp=0x00000092b33fae18 mode 2
Event: 9.473 Thread 0x0000028675d0b000 Uncommon trap: trap_request=0xffffff4d fr.pc=0x0000028668ba1b28 relative=0x0000000000000468
Event: 9.473 Thread 0x0000028675d0b000 Uncommon trap: reason=unstable_if action=reinterpret pc=0x0000028668ba1b28 method=java.lang.AbstractStringBuilder.putStringAt(ILjava/lang/String;)V @ 8 c2
Event: 9.473 Thread 0x0000028675d0b000 DEOPT PACKING pc=0x0000028668ba1b28 sp=0x00000092b33fb2a0
Event: 9.473 Thread 0x0000028675d0b000 DEOPT UNPACKING pc=0x00000286610ea1af sp=0x00000092b33fb1a8 mode 2
Event: 9.492 Thread 0x0000028675d0b000 Uncommon trap: trap_request=0xffffff7e fr.pc=0x0000028668c04870 relative=0x00000000000003b0
Event: 9.492 Thread 0x0000028675d0b000 Uncommon trap: reason=predicate action=maybe_recompile pc=0x0000028668c04870 method=java.io.ObjectOutputStream$BlockDataOutputStream.getUTFLength(Ljava/lang/String;)J @ 13 c2
Event: 9.492 Thread 0x0000028675d0b000 DEOPT PACKING pc=0x0000028668c04870 sp=0x00000092b33f9a80
Event: 9.492 Thread 0x0000028675d0b000 DEOPT UNPACKING pc=0x00000286610ea1af sp=0x00000092b33f9a10 mode 2
Event: 9.500 Thread 0x0000028675d0b000 Uncommon trap: trap_request=0xffffff4d fr.pc=0x0000028668c058a8 relative=0x00000000000003e8
Event: 9.500 Thread 0x0000028675d0b000 Uncommon trap: reason=unstable_if action=reinterpret pc=0x0000028668c058a8 method=java.io.ObjectOutputStream$BlockDataOutputStream.writeBytes(Ljava/lang/String;)V @ 22 c2
Event: 9.500 Thread 0x0000028675d0b000 DEOPT PACKING pc=0x0000028668c058a8 sp=0x00000092b33fb340
Event: 9.500 Thread 0x0000028675d0b000 DEOPT UNPACKING pc=0x00000286610ea1af sp=0x00000092b33fb2c8 mode 2

Classes redefined (0 events):
No events

Internal exceptions (20 events):
Event: 1.925 Thread 0x0000028675915800 Exception <a 'java/lang/NoSuchMethodError'{0x00000000d84ea138}: 'java.lang.Object java.lang.invoke.DirectMethodHandle$Holder.invokeVirtual(java.lang.Object, java.lang.Object, java.lang.Object, java.lang.Object)'> (0x00000000d84ea138) thrown at [src/hotspot/share/interpreter/linkResolver.cpp, line 773]
Event: 1.951 Thread 0x0000028675915800 Exception <a 'java/lang/NoSuchMethodError'{0x00000000d91641f8}: 'int java.lang.invoke.DirectMethodHandle$Holder.invokeStaticInit(java.lang.Object, java.lang.Object, java.lang.Object, java.lang.Object)'> (0x00000000d91641f8) thrown at [src/hotspot/share/interpreter/linkResolver.cpp, line 773]
Event: 1.952 Thread 0x0000028675915800 Exception <a 'java/lang/IncompatibleClassChangeError'{0x00000000d916d820}: Found class java.lang.Object, but interface was expected> (0x00000000d916d820) thrown at [src/hotspot/share/interpreter/linkResolver.cpp, line 839]
Event: 1.953 Thread 0x0000028675915800 Exception <a 'java/lang/NoSuchMethodError'{0x00000000d91709d0}: 'void java.lang.invoke.DirectMethodHandle$Holder.invokeStaticInit(java.lang.Object, java.lang.Object)'> (0x00000000d91709d0) thrown at [src/hotspot/share/interpreter/linkResolver.cpp, line 773]
Event: 1.955 Thread 0x0000028675915800 Exception <a 'java/lang/NoSuchMethodError'{0x00000000d91765b8}: 'int java.lang.invoke.DirectMethodHandle$Holder.invokeStaticInit(java.lang.Object, java.lang.Object)'> (0x00000000d91765b8) thrown at [src/hotspot/share/interpreter/linkResolver.cpp, line 773]
Event: 2.004 Thread 0x0000028675915800 Exception <a 'java/lang/NoSuchMethodError'{0x00000000d90e1360}: 'java.lang.Object java.lang.invoke.DirectMethodHandle$Holder.invokeStaticInit(java.lang.Object, java.lang.Object, java.lang.Object)'> (0x00000000d90e1360) thrown at [src/hotspot/share/interpreter/linkResolver.cpp, line 773]
Event: 2.147 Thread 0x0000028675915800 Exception <a 'sun/nio/fs/WindowsException'{0x00000000d8c38188}> (0x00000000d8c38188) thrown at [src/hotspot/share/prims/jni.cpp, line 616]
Event: 2.150 Thread 0x0000028675915800 Exception <a 'java/lang/NoSuchMethodError'{0x00000000d8c3f370}: 'int java.lang.invoke.DirectMethodHandle$Holder.invokeSpecialIFC(java.lang.Object, java.lang.Object, int)'> (0x00000000d8c3f370) thrown at [src/hotspot/share/interpreter/linkResolver.cpp, line 773]
Event: 3.125 Thread 0x0000028675915800 Exception <a 'java/lang/NoSuchMethodError'{0x00000000d8d43c88}: <clinit>> (0x00000000d8d43c88) thrown at [src/hotspot/share/prims/jni.cpp, line 1366]
Event: 3.481 Thread 0x0000028675915800 Exception <a 'java/lang/NoSuchMethodError'{0x00000000d8c58568}: <clinit>> (0x00000000d8c58568) thrown at [src/hotspot/share/prims/jni.cpp, line 1366]
Event: 3.482 Thread 0x0000028675915800 Exception <a 'java/lang/NoSuchMethodError'{0x00000000d8c64e00}: <clinit>> (0x00000000d8c64e00) thrown at [src/hotspot/share/prims/jni.cpp, line 1366]
Event: 3.573 Thread 0x0000028675915800 Exception <a 'java/lang/NoSuchMethodError'{0x00000000d8b7c620}: <clinit>> (0x00000000d8b7c620) thrown at [src/hotspot/share/prims/jni.cpp, line 1366]
Event: 3.575 Thread 0x0000028675915800 Exception <a 'java/lang/NoSuchMethodError'{0x00000000d8b87750}: <clinit>> (0x00000000d8b87750) thrown at [src/hotspot/share/prims/jni.cpp, line 1366]
Event: 3.577 Thread 0x0000028675915800 Exception <a 'java/lang/NoSuchMethodError'{0x00000000d8b95c40}: <clinit>> (0x00000000d8b95c40) thrown at [src/hotspot/share/prims/jni.cpp, line 1366]
Event: 4.284 Thread 0x0000028675d0b000 Exception <a 'java/lang/NoSuchMethodError'{0x00000000d85fa060}: <clinit>> (0x00000000d85fa060) thrown at [src/hotspot/share/prims/jni.cpp, line 1366]
Event: 9.271 Thread 0x0000028675915800 Exception <a 'java/lang/NoSuchMethodError'{0x00000000d7bc3c88}: <clinit>> (0x00000000d7bc3c88) thrown at [src/hotspot/share/prims/jni.cpp, line 1366]
Event: 9.488 Thread 0x0000028675d0b000 Exception <a 'java/lang/NoSuchMethodError'{0x00000000d795cc08}: <clinit>> (0x00000000d795cc08) thrown at [src/hotspot/share/prims/jni.cpp, line 1366]
Event: 9.488 Thread 0x0000028675d0b000 Exception <a 'java/lang/NoSuchMethodError'{0x00000000d795e0f0}: <clinit>> (0x00000000d795e0f0) thrown at [src/hotspot/share/prims/jni.cpp, line 1366]
Event: 9.491 Thread 0x0000028675d0b000 Exception <a 'java/lang/NoSuchMethodError'{0x00000000d7974ed8}: <clinit>> (0x00000000d7974ed8) thrown at [src/hotspot/share/prims/jni.cpp, line 1366]
Event: 9.493 Thread 0x0000028675d0b000 Exception <a 'java/lang/NoSuchMethodError'{0x00000000d7976558}: <clinit>> (0x00000000d7976558) thrown at [src/hotspot/share/prims/jni.cpp, line 1366]

Events (20 events):
Event: 9.869 Executing VM operation: RevokeBias
Event: 9.869 Executing VM operation: RevokeBias done
Event: 9.869 Executing VM operation: RevokeBias
Event: 9.869 Executing VM operation: RevokeBias done
Event: 9.869 Executing VM operation: RevokeBias
Event: 9.870 Executing VM operation: RevokeBias done
Event: 9.870 Executing VM operation: RevokeBias
Event: 9.870 Executing VM operation: RevokeBias done
Event: 9.870 Executing VM operation: RevokeBias
Event: 9.870 Executing VM operation: RevokeBias done
Event: 9.870 Executing VM operation: RevokeBias
Event: 9.870 Executing VM operation: RevokeBias done
Event: 9.870 Executing VM operation: RevokeBias
Event: 9.870 Executing VM operation: RevokeBias done
Event: 9.870 Executing VM operation: RevokeBias
Event: 9.870 Executing VM operation: RevokeBias done
Event: 9.870 Executing VM operation: RevokeBias
Event: 9.870 Executing VM operation: RevokeBias done
Event: 9.871 Executing VM operation: BulkRevokeBias
Event: 9.871 Executing VM operation: BulkRevokeBias done


Dynamic libraries:
0x00007ff7e1070000 - 0x00007ff7e107a000 	C:\Program Files\JetBrains\PyCharm 2022.1.1\jbr\bin\java.exe
0x00007fffaf150000 - 0x00007fffaf344000 	C:\Windows\SYSTEM32\ntdll.dll
0x00007fffae670000 - 0x00007fffae72d000 	C:\Windows\System32\KERNEL32.DLL
0x00007fffac8d0000 - 0x00007fffacb97000 	C:\Windows\System32\KERNELBASE.dll
0x00007fffacf00000 - 0x00007fffad000000 	C:\Windows\System32\ucrtbase.dll
0x00007fff8b8d0000 - 0x00007fff8b8e6000 	C:\Program Files\JetBrains\PyCharm 2022.1.1\jbr\bin\VCRUNTIME140.dll
0x00007fff8a900000 - 0x00007fff8a919000 	C:\Program Files\JetBrains\PyCharm 2022.1.1\jbr\bin\jli.dll
0x00007fffae030000 - 0x00007fffae1d0000 	C:\Windows\System32\USER32.dll
0x00007fffad000000 - 0x00007fffad022000 	C:\Windows\System32\win32u.dll
0x00007fff9c3d0000 - 0x00007fff9c66a000 	C:\Windows\WinSxS\amd64_microsoft.windows.common-controls_6595b64144ccf1df_6.0.19041.1_none_b555e41d4684ddec\COMCTL32.dll
0x00007fffad1f0000 - 0x00007fffad21a000 	C:\Windows\System32\GDI32.dll
0x00007fffaeb60000 - 0x00007fffaebfe000 	C:\Windows\System32\msvcrt.dll
0x00007fffacc20000 - 0x00007fffacd2a000 	C:\Windows\System32\gdi32full.dll
0x00007fffacd80000 - 0x00007ffface1d000 	C:\Windows\System32\msvcp_win.dll
0x00007fffae640000 - 0x00007fffae670000 	C:\Windows\System32\IMM32.DLL
0x00007fff86430000 - 0x00007fff864da000 	C:\Program Files\JetBrains\PyCharm 2022.1.1\jbr\bin\msvcp140.dll
0x00007fff86910000 - 0x00007fff8748a000 	C:\Program Files\JetBrains\PyCharm 2022.1.1\jbr\bin\server\jvm.dll
0x00007fffae910000 - 0x00007fffae9ba000 	C:\Windows\System32\ADVAPI32.dll
0x00007fffad700000 - 0x00007fffad79b000 	C:\Windows\System32\sechost.dll
0x00007fffae7e0000 - 0x00007fffae903000 	C:\Windows\System32\RPCRT4.dll
0x00007fffaeb50000 - 0x00007fffaeb58000 	C:\Windows\System32\PSAPI.DLL
0x00007fff95710000 - 0x00007fff95719000 	C:\Windows\SYSTEM32\WSOCK32.dll
0x00007fffa0500000 - 0x00007fffa0527000 	C:\Windows\SYSTEM32\WINMM.dll
0x00007fffadee0000 - 0x00007fffadf4b000 	C:\Windows\System32\WS2_32.dll
0x00007fffa0560000 - 0x00007fffa056a000 	C:\Windows\SYSTEM32\VERSION.dll
0x00007fffaa780000 - 0x00007fffaa793000 	C:\Windows\SYSTEM32\kernel.appcore.dll
0x00007fffa73a0000 - 0x00007fffa73b1000 	C:\Program Files\JetBrains\PyCharm 2022.1.1\jbr\bin\verify.dll
0x00007fff97df0000 - 0x00007fff97fd4000 	C:\Windows\SYSTEM32\DBGHELP.DLL
0x00007fff97d20000 - 0x00007fff97d4c000 	C:\Windows\SYSTEM32\dbgcore.DLL
0x00007fffacba0000 - 0x00007fffacc1f000 	C:\Windows\System32\bcryptPrimitives.dll
0x00007fffa5d60000 - 0x00007fffa5d89000 	C:\Program Files\JetBrains\PyCharm 2022.1.1\jbr\bin\java.dll
0x00007fffa7390000 - 0x00007fffa739b000 	C:\Program Files\JetBrains\PyCharm 2022.1.1\jbr\bin\jimage.dll
0x00007fffa5cd0000 - 0x00007fffa5ce9000 	C:\Program Files\JetBrains\PyCharm 2022.1.1\jbr\bin\zip.dll
0x00007fffad7a0000 - 0x00007fffaded1000 	C:\Windows\System32\SHELL32.dll
0x00007fffaaa60000 - 0x00007fffab1ea000 	C:\Windows\SYSTEM32\windows.storage.dll
0x00007fffaed90000 - 0x00007fffaf0e4000 	C:\Windows\System32\combase.dll
0x00007fffac280000 - 0x00007fffac2ab000 	C:\Windows\SYSTEM32\Wldp.dll
0x00007fffad430000 - 0x00007fffad4de000 	C:\Windows\System32\SHCORE.dll
0x00007fffaf0f0000 - 0x00007fffaf145000 	C:\Windows\System32\shlwapi.dll
0x00007fffac810000 - 0x00007fffac82f000 	C:\Windows\SYSTEM32\profapi.dll
0x00007fff9af20000 - 0x00007fff9af3a000 	C:\Program Files\JetBrains\PyCharm 2022.1.1\jbr\bin\net.dll
0x00007fffa3ce0000 - 0x00007fffa3de2000 	C:\Windows\SYSTEM32\WINHTTP.dll
0x00007fffac000000 - 0x00007fffac06a000 	C:\Windows\system32\mswsock.dll
0x00007fff98a90000 - 0x00007fff98aa4000 	C:\Program Files\JetBrains\PyCharm 2022.1.1\jbr\bin\nio.dll
0x00007fffac1d0000 - 0x00007fffac1e8000 	C:\Windows\SYSTEM32\CRYPTSP.dll
0x00007fffab990000 - 0x00007fffab9c4000 	C:\Windows\system32\rsaenh.dll
0x00007fffaced0000 - 0x00007fffacef7000 	C:\Windows\System32\bcrypt.dll
0x00007fffac760000 - 0x00007fffac78e000 	C:\Windows\SYSTEM32\USERENV.dll
0x00007fffac1f0000 - 0x00007fffac1fc000 	C:\Windows\SYSTEM32\CRYPTBASE.dll
0x00007fffabcf0000 - 0x00007fffabd2b000 	C:\Windows\SYSTEM32\IPHLPAPI.DLL
0x00007fffaeb20000 - 0x00007fffaeb29000 	C:\Windows\System32\NSI.dll
0x00007fffa4c80000 - 0x00007fffa4c97000 	C:\Windows\SYSTEM32\dhcpcsvc6.DLL
0x00007fffa4d30000 - 0x00007fffa4d4d000 	C:\Windows\SYSTEM32\dhcpcsvc.DLL
0x00007fffabd30000 - 0x00007fffabdfa000 	C:\Windows\SYSTEM32\DNSAPI.dll
0x00007fff9bb00000 - 0x00007fff9bb08000 	C:\Program Files\JetBrains\PyCharm 2022.1.1\jbr\bin\rmi.dll
0x00007fffa1530000 - 0x00007fffa153a000 	C:\Program Files\JetBrains\PyCharm 2022.1.1\jbr\bin\management.dll
0x00007fff9bea0000 - 0x00007fff9bead000 	C:\Program Files\JetBrains\PyCharm 2022.1.1\jbr\bin\management_ext.dll
0x00007fffa5a70000 - 0x00007fffa5a7f000 	C:\Program Files\JetBrains\PyCharm 2022.1.1\jbr\bin\sunmscapi.dll
0x00007fffad090000 - 0x00007fffad1ed000 	C:\Windows\System32\CRYPT32.dll
0x00007fffac2f0000 - 0x00007fffac317000 	C:\Windows\SYSTEM32\ncrypt.dll
0x00007fffac2b0000 - 0x00007fffac2eb000 	C:\Windows\SYSTEM32\NTASN1.dll
0x00007fff92a80000 - 0x00007fff92aa8000 	C:\Program Files\JetBrains\PyCharm 2022.1.1\jbr\bin\sunec.dll

dbghelp: loaded successfully - version: 4.0.5 - missing functions: none
symbol engine: initialized successfully - sym options: 0x614 - pdb path: .;C:\Program Files\JetBrains\PyCharm 2022.1.1\jbr\bin;C:\Windows\SYSTEM32;C:\Windows\WinSxS\amd64_microsoft.windows.common-controls_6595b64144ccf1df_6.0.19041.1_none_b555e41d4684ddec;C:\Program Files\JetBrains\PyCharm 2022.1.1\jbr\bin\server

VM Arguments:
jvm_args: -Djava.rmi.server.hostname=127.0.0.1 -Duser.timezone=UTC -Xmx750m -Xms128m -Dfile.encoding=UTF-8 
java_command: com.intellij.database.remote.RemoteJdbcServer org.postgresql.Driver
java_class_path (initial): C:\Program Files\JetBrains\PyCharm 2022.1.1\lib\util_rt.jar;C:\Program Files\JetBrains\PyCharm 2022.1.1\lib\util.jar;C:\Program Files\JetBrains\PyCharm 2022.1.1\lib\groovy.jar;C:\Program Files\JetBrains\PyCharm 2022.1.1\plugins\DatabaseTools\lib\jdbc-console.jar;C:\Users\Admin\AppData\Roaming\JetBrains\PyCharm2022.1\jdbc-drivers\PostgreSQL\42.5.0\org\postgresql\postgresql\42.5.0\postgresql-42.5.0.jar;C:\Users\Admin\AppData\Roaming\JetBrains\PyCharm2022.1\jdbc-drivers\PostgreSQL\42.5.0\org\checkerframework\checker-qual\3.5.0\checker-qual-3.5.0.jar;C:\Users\Admin\AppData\Roaming\JetBrains\PyCharm2022.1\jdbc-drivers\PostgreSQL\42.5.0\com\github\waffle\waffle-jna\1.9.1\waffle-jna-1.9.1.jar;C:\Users\Admin\AppData\Roaming\JetBrains\PyCharm2022.1\jdbc-drivers\PostgreSQL\42.5.0\net\java\dev\jna\jna\4.5.1\jna-4.5.1.jar;C:\Users\Admin\AppData\Roaming\JetBrains\PyCharm2022.1\jdbc-drivers\PostgreSQL\42.5.0\net\java\dev\jna\jna-platform\4.5.1\jna-platform-4.5.1.jar;C:\Users\Admin\AppData\Roaming\JetBrains\PyCharm2022.1\jdbc-drivers\PostgreSQL\42.5.0\org\slf4j\jcl-over-slf4j\1.7.25\jcl-over-slf4j-1.7.25.jar;C:\Users\Admin\AppData\Roaming\JetBrains\PyCharm2022.1\jdbc-drivers\PostgreSQL\42.5.0\org\slf4j\slf4j-api\1.7.25\slf4j-api-1.7.25.jar;C:\Users\Admin\AppData\Roaming\JetBrains\PyCharm2022.1\jdbc-drivers\PostgreSQL\42.5.0\com\github\ben-manes\caffeine\caffeine\2.6.2\caffeine-2.6.2.jar
Launcher Type: SUN_STANDARD

[Global flags]
     intx CICompilerCount                          = 3                                         {product} {ergonomic}
     uint ConcGCThreads                            = 1                                         {product} {ergonomic}
     uint G1ConcRefinementThreads                  = 4                                         {product} {ergonomic}
   size_t G1HeapRegionSize                         = 1048576                                   {product} {ergonomic}
    uintx GCDrainStackTargetSize                   = 64                                        {product} {ergonomic}
   size_t InitialHeapSize                          = 134217728                                 {product} {command line}
   size_t MarkStackSize                            = 4194304                                   {product} {ergonomic}
   size_t MaxHeapSize                              = 786432000                                 {product} {command line}
   size_t MaxNewSize                               = 471859200                                 {product} {ergonomic}
   size_t MinHeapDeltaBytes                        = 1048576                                   {product} {ergonomic}
    uintx NonNMethodCodeHeapSize                   = 5830732                                {pd product} {ergonomic}
    uintx NonProfiledCodeHeapSize                  = 122913754                              {pd product} {ergonomic}
    uintx ProfiledCodeHeapSize                     = 122913754                              {pd product} {ergonomic}
    uintx ReservedCodeCacheSize                    = 251658240                              {pd product} {ergonomic}
     bool SegmentedCodeCache                       = true                                      {product} {ergonomic}
     bool UseCompressedClassPointers               = true                                 {lp64_product} {ergonomic}
     bool UseCompressedOops                        = true                                 {lp64_product} {ergonomic}
     bool UseG1GC                                  = true                                      {product} {ergonomic}
     bool UseLargePagesIndividualAllocation        = false                                  {pd product} {ergonomic}

Logging:
Log output configuration:
 #0: stdout all=warning uptime,level,tags
 #1: stderr all=off uptime,level,tags

Environment Variables:
PATH=C:\Windows\system32;C:\Windows;C:\Windows\System32\Wbem;C:\Windows\System32\WindowsPowerShell\v1.0\;C:\Program Files\Git\cmd;C:\Windows\System32\OpenSSH\;C:\Users\Admin\AppData\Local\Programs\Python\Python310\Scripts\;C:\Users\Admin\AppData\Local\Programs\Python\Python310\;C:\Users\Admin\AppData\Local\Microsoft\WindowsApps;;C:\Program Files\JetBrains\PyCharm 2022.1.1\bin;
USERNAME=Admin
OS=Windows_NT
PROCESSOR_IDENTIFIER=Intel64 Family 6 Model 58 Stepping 9, GenuineIntel



---------------  S Y S T E M  ---------------

OS: Windows 10 , 64 bit Build 19041 (10.0.19041.207)
OS uptime: 6 days 8:26 hours

CPU:total 4 (initial active 4) (2 cores per cpu, 2 threads per core) family 6 model 58 stepping 9 microcode 0x21, cmov, cx8, fxsr, mmx, sse, sse2, sse3, ssse3, sse4.1, sse4.2, popcnt, avx, clmul, erms, ht, tsc, tscinvbit, tscinv

Memory: 4k page, system-wide physical 8077M (406M free)
TotalPageFile size 8077M (AvailPageFile size 5M)
current process WorkingSet (physical memory assigned to process): 118M, peak: 122M
current process commit charge ("private bytes"): 244M, peak: 246M

vm_info: OpenJDK 64-Bit Server VM (11.0.14.1+1-b2043.45) for windows-amd64 JRE (11.0.14.1+1-b2043.45), built on Apr 25 2022 05:49:45 by "" with MS VC++ 14.0 (VS2015)

END.
